#
# There is insufficient memory for the Java Runtime Environment to continue.
# Native memory allocation (mmap) failed to map 62914560 bytes for G1 virtual space
# Possible reasons:
#   The system is out of physical RAM or swap space
#   The process is running with CompressedOops enabled, and the Java Heap may be blocking the growth of the native heap
# Possible solutions:
#   Reduce memory load on the system
#   Increase physical memory or swap space
#   Check if swap backing store is full
#   Decrease Java heap size (-Xmx/-Xms)
#   Decrease number of Java threads
#   Decrease Java thread stack sizes (-Xss)
#   Set larger code cache with -XX:ReservedCodeCacheSize=
#   JVM is running with Unscaled Compressed Oops mode in which the Java heap is
#     placed in the first 4GB address space. The Java Heap base address is the
#     maximum limit for the native heap growth. Please use -XX:HeapBaseMinAddress
#     to set the Java Heap base and to place the Java Heap above 4GB virtual address.
# This output file may be truncated or incomplete.
#
#  Out of Memory Error (os_windows.cpp:3535), pid=10864, tid=500
#
# JRE version:  (17.0.4.1+1) (build )
# Java VM: Java HotSpot(TM) 64-Bit Server VM (17.0.4.1+1-LTS-2, mixed mode, sharing, tiered, compressed oops, compressed class ptrs, g1 gc, windows-amd64)
# No core dump will be written. Minidumps are not enabled by default on client versions of Windows
#

---------------  S U M M A R Y ------------

Command Line: -Dfile.encoding=UTF-8 --module-path=C:\Users\Jhonder\RepositorioEjemplo\ESTRUCTURAS DE DATOS\RecursividadPalindromas\build\classes recursividadpalindromas.RecursividadPalindromas

Host: Intel(R) Core(TM) i7-7500U CPU @ 2.70GHz, 4 cores, 3G,  Windows 10 , 64 bit Build 19041 (10.0.19041.804)
Time: Tue Apr 25 19:02:34 2023 Hora est. Pacífico, Sudamérica elapsed time: 0.020467 seconds (0d 0h 0m 0s)

---------------  T H R E A D  ---------------

Current thread (0x0000022517f0c4f0):  JavaThread "Unknown thread" [_thread_in_vm, id=500, stack(0x000000e3bef00000,0x000000e3bf000000)]

Stack: [0x000000e3bef00000,0x000000e3bf000000]
Native frames: (J=compiled Java code, j=interpreted, Vv=VM code, C=native code)
V  [jvm.dll+0x6723ba]
V  [jvm.dll+0x7d1e34]
V  [jvm.dll+0x7d35de]
V  [jvm.dll+0x7d3c43]
V  [jvm.dll+0x243065]
V  [jvm.dll+0x66f2d9]
V  [jvm.dll+0x663c22]
V  [jvm.dll+0x3011cb]
V  [jvm.dll+0x308766]
V  [jvm.dll+0x35846e]
V  [jvm.dll+0x35869f]
V  [jvm.dll+0x2d83e8]
V  [jvm.dll+0x2d9354]
V  [jvm.dll+0x7a3911]
V  [jvm.dll+0x3662c1]
V  [jvm.dll+0x782d7c]
V  [jvm.dll+0x3e8c1f]
V  [jvm.dll+0x3ea6c1]
C  [jli.dll+0x527b]
C  [ucrtbase.dll+0x21bb2]
C  [KERNEL32.DLL+0x17034]
C  [ntdll.dll+0x4d241]


---------------  P R O C E S S  ---------------

Threads class SMR info:
_java_thread_list=0x00007ffc6b3ba858, length=0, elements={
}

Java Threads: ( => current thread )

Other Threads:
  0x0000022517f45e60 GCTaskThread "GC Thread#0" [stack: 0x000000e3bf000000,0x000000e3bf100000] [id=7052]
  0x0000022517f4e320 ConcurrentGCThread "G1 Main Marker" [stack: 0x000000e3bf100000,0x000000e3bf200000] [id=16180]
  0x0000022517f4ed30 ConcurrentGCThread "G1 Conc#0" [stack: 0x000000e3bf200000,0x000000e3bf300000] [id=1840]

[error occurred during error reporting (printing all threads), id 0xc0000005, EXCEPTION_ACCESS_VIOLATION (0xc0000005) at pc=0x00007ffc6ac08dd7]

VM state: not at safepoint (not fully initialized)

VM Mutex/Monitor currently owned by a thread:  ([mutex/lock_event])
[0x0000022517f08c80] Heap_lock - owner thread: 0x0000022517f0c4f0

Heap address: 0x00000000c5400000, size: 940 MB, Compressed Oops mode: 32-bit

CDS archive(s) mapped at: [0x0000000000000000-0x0000000000000000-0x0000000000000000), size 0, SharedBaseAddress: 0x0000000800000000, ArchiveRelocationMode: 0.
Narrow klass base: 0x0000000000000000, Narrow klass shift: 0, Narrow klass range: 0x0

GC Precious Log:
<Empty>

Heap:
 garbage-first heap   total 0K, used 0K [0x00000000c5400000, 0x0000000100000000)
  region size 1024K, 0 young (0K), 0 survivors (0K)

[error occurred during error reporting (printing heap information), id 0xc0000005, EXCEPTION_ACCESS_VIOLATION (0xc0000005) at pc=0x00007ffc6afeb869]

GC Heap History (0 events):
No events

Deoptimization events (0 events):
No events

Classes unloaded (0 events):
No events

Classes redefined (0 events):
No events

Internal exceptions (0 events):
No events

VM Operations (0 events):
No events

Events (1 events):
Event: 0.013 Loaded shared library C:\Program Files\Java\jdk-17.0.4.1\bin\java.dll


Dynamic libraries:
0x00007ff748bb0000 - 0x00007ff748bc0000 	C:\Program Files\Java\jdk-17.0.4.1\bin\java.exe
0x00007ffcb80b0000 - 0x00007ffcb82a6000 	C:\WINDOWS\SYSTEM32\ntdll.dll
0x00007ffcb6a30000 - 0x00007ffcb6aed000 	C:\WINDOWS\System32\KERNEL32.DLL
0x00007ffcb5d90000 - 0x00007ffcb6059000 	C:\WINDOWS\System32\KERNELBASE.dll
0x00007ffcb5910000 - 0x00007ffcb5a10000 	C:\WINDOWS\System32\ucrtbase.dll
0x00007ffca79e0000 - 0x00007ffca79fa000 	C:\Program Files\Java\jdk-17.0.4.1\bin\VCRUNTIME140.dll
0x00007ffcac7d0000 - 0x00007ffcac7e8000 	C:\Program Files\Java\jdk-17.0.4.1\bin\jli.dll
0x00007ffcb6460000 - 0x00007ffcb650c000 	C:\WINDOWS\System32\ADVAPI32.dll
0x00007ffcb7fd0000 - 0x00007ffcb806e000 	C:\WINDOWS\System32\msvcrt.dll
0x00007ffcb6980000 - 0x00007ffcb6a1c000 	C:\WINDOWS\System32\sechost.dll
0x00007ffcb6bc0000 - 0x00007ffcb6ceb000 	C:\WINDOWS\System32\RPCRT4.dll
0x00007ffcb62c0000 - 0x00007ffcb6460000 	C:\WINDOWS\System32\USER32.dll
0x00007ffcb58e0000 - 0x00007ffcb5902000 	C:\WINDOWS\System32\win32u.dll
0x00007ffcb7e70000 - 0x00007ffcb7e9a000 	C:\WINDOWS\System32\GDI32.dll
0x00007ffca3970000 - 0x00007ffca3c0b000 	C:\WINDOWS\WinSxS\amd64_microsoft.windows.common-controls_6595b64144ccf1df_6.0.19041.746_none_ca02b4b61b8320a4\COMCTL32.dll
0x00007ffcb60f0000 - 0x00007ffcb61fb000 	C:\WINDOWS\System32\gdi32full.dll
0x00007ffcb5cf0000 - 0x00007ffcb5d8d000 	C:\WINDOWS\System32\msvcp_win.dll
0x00007ffcad550000 - 0x00007ffcad55a000 	C:\WINDOWS\SYSTEM32\VERSION.dll
0x00007ffcb7420000 - 0x00007ffcb7450000 	C:\WINDOWS\System32\IMM32.DLL
0x00007ffcb01c0000 - 0x00007ffcb01cc000 	C:\Program Files\Java\jdk-17.0.4.1\bin\vcruntime140_1.dll
0x00007ffc7db10000 - 0x00007ffc7db9d000 	C:\Program Files\Java\jdk-17.0.4.1\bin\msvcp140.dll
0x00007ffc6a920000 - 0x00007ffc6b4e2000 	C:\Program Files\Java\jdk-17.0.4.1\bin\server\jvm.dll
0x00007ffcb7e60000 - 0x00007ffcb7e68000 	C:\WINDOWS\System32\PSAPI.DLL
0x00007ffc918a0000 - 0x00007ffc918a9000 	C:\WINDOWS\SYSTEM32\WSOCK32.dll
0x00007ffca0600000 - 0x00007ffca0627000 	C:\WINDOWS\SYSTEM32\WINMM.dll
0x00007ffcb7450000 - 0x00007ffcb74bb000 	C:\WINDOWS\System32\WS2_32.dll
0x00007ffcb4200000 - 0x00007ffcb4212000 	C:\WINDOWS\SYSTEM32\kernel.appcore.dll
0x00007ffcb0070000 - 0x00007ffcb007a000 	C:\Program Files\Java\jdk-17.0.4.1\bin\jimage.dll
0x00007ffcb3eb0000 - 0x00007ffcb4094000 	C:\WINDOWS\SYSTEM32\DBGHELP.DLL
0x00007ffcaae70000 - 0x00007ffcaae9c000 	C:\WINDOWS\SYSTEM32\dbgcore.DLL
0x00007ffcb5a60000 - 0x00007ffcb5ae0000 	C:\WINDOWS\System32\bcryptPrimitives.dll
0x00007ffc9e460000 - 0x00007ffc9e485000 	C:\Program Files\Java\jdk-17.0.4.1\bin\java.dll

dbghelp: loaded successfully - version: 4.0.5 - missing functions: none
symbol engine: initialized successfully - sym options: 0x614 - pdb path: .;C:\Program Files\Java\jdk-17.0.4.1\bin;C:\WINDOWS\SYSTEM32;C:\WINDOWS\WinSxS\amd64_microsoft.windows.common-controls_6595b64144ccf1df_6.0.19041.746_none_ca02b4b61b8320a4;C:\Program Files\Java\jdk-17.0.4.1\bin\server

VM Arguments:
jvm_args: -Dfile.encoding=UTF-8 --module-path=C:\Users\Jhonder\RepositorioEjemplo\ESTRUCTURAS DE DATOS\RecursividadPalindromas\build\classes 
java_command: recursividadpalindromas.RecursividadPalindromas
java_class_path (initial): C:\Users\Jhonder\RepositorioEjemplo\ESTRUCTURAS DE DATOS\RecursividadPalindromas\build\classes
Launcher Type: SUN_STANDARD

[Global flags]
     intx CICompilerCount                          = 3                                         {product} {ergonomic}
     uint ConcGCThreads                            = 1                                         {product} {ergonomic}
     uint G1ConcRefinementThreads                  = 4                                         {product} {ergonomic}
   size_t G1HeapRegionSize                         = 1048576                                   {product} {ergonomic}
    uintx GCDrainStackTargetSize                   = 64                                        {product} {ergonomic}
   size_t InitialHeapSize                          = 62914560                                  {product} {ergonomic}
   size_t MarkStackSize                            = 4194304                                   {product} {ergonomic}
   size_t MaxHeapSize                              = 985661440                                 {product} {ergonomic}
   size_t MinHeapDeltaBytes                        = 1048576                                   {product} {ergonomic}
   size_t MinHeapSize                              = 8388608                                   {product} {ergonomic}
    uintx NonNMethodCodeHeapSize                   = 5832780                                {pd product} {ergonomic}
    uintx NonProfiledCodeHeapSize                  = 122912730                              {pd product} {ergonomic}
    uintx ProfiledCodeHeapSize                     = 122912730                              {pd product} {ergonomic}
    uintx ReservedCodeCacheSize                    = 251658240                              {pd product} {ergonomic}
     bool SegmentedCodeCache                       = true                                      {product} {ergonomic}
   size_t SoftMaxHeapSize                          = 985661440                              {manageable} {ergonomic}
     bool UseCompressedClassPointers               = true                           {product lp64_product} {ergonomic}
     bool UseCompressedOops                        = true                           {product lp64_product} {ergonomic}
     bool UseG1GC                                  = true                                      {product} {ergonomic}
     bool UseLargePagesIndividualAllocation        = false                                  {pd product} {ergonomic}

Logging:
Log output configuration:
 #0: stdout all=warning uptime,level,tags
 #1: stderr all=off uptime,level,tags

Environment Variables:
JAVA_HOME=C:\Program Files\Java\jdk-17.0.4.1
PATH=C:\Program Files\Java\jdk-17.0.4.1\bin;C:\Program Files\Common Files\Oracle\Java\javapath;C:\Program Files (x86)\Common Files\Oracle\Java\javapath;C:\WINDOWS\system32;C:\WINDOWS;C:\WINDOWS\System32\Wbem;C:\WINDOWS\System32\WindowsPowerShell\v1.0\;C:\WINDOWS\System32\OpenSSH\;C:\Program Files\Git\cmd;C:\Users\Jhonder\AppData\Local\Programs\Python\Python311\Scripts\;C:\Users\Jhonder\AppData\Local\Programs\Python\Python311\;C:\Users\Jhonder\AppData\Local\Programs\Python\Python310\Scripts\;C:\Users\Jhonder\AppData\Local\Programs\Python\Python310\;C:\Users\Jhonder\AppData\Local\Microsoft\WindowsApps;;C:\Users\Jhonder\AppData\Local\Programs\Microsoft VS Code\bin
USERNAME=Jhonder
OS=Windows_NT
PROCESSOR_IDENTIFIER=Intel64 Family 6 Model 142 Stepping 9, GenuineIntel



---------------  S Y S T E M  ---------------

OS:
 Windows 10 , 64 bit Build 19041 (10.0.19041.804)
OS uptime: 31 days 22:13 hours

CPU: total 4 (initial active 4) (2 cores per cpu, 2 threads per core) family 6 model 142 stepping 9 microcode 0xd6, cx8, cmov, fxsr, ht, mmx, 3dnowpref, sse, sse2, sse3, ssse3, sse4.1, sse4.2, popcnt, lzcnt, tsc, tscinvbit, avx, avx2, aes, erms, clmul, bmi1, bmi2, adx, fma, vzeroupper, clflush, clflushopt

Memory: 4k page, system-wide physical 3753M (346M free)
TotalPageFile size 15017M (AvailPageFile size 5M)
current process WorkingSet (physical memory assigned to process): 9M, peak: 9M
current process commit charge ("private bytes"): 51M, peak: 111M

vm_info: Java HotSpot(TM) 64-Bit Server VM (17.0.4.1+1-LTS-2) for windows-amd64 JRE (17.0.4.1+1-LTS-2), built on Aug 16 2022 18:32:06 by "mach5one" with MS VC++ 16.8 / 16.9 (VS2019)

END.
